<?xml version="1.0" encoding="UTF-8"?>
<testng-results skipped="0" failed="0" ignored="0" total="1" passed="1">
  <reporter-output>
  </reporter-output>
  <suite name="Assignment" duration-ms="3403" started-at="2018-07-16T17:55:45Z" finished-at="2018-07-16T17:55:48Z">
    <groups>
    </groups>
    <test name="Assignment suite" duration-ms="3403" started-at="2018-07-16T17:55:45Z" finished-at="2018-07-16T17:55:48Z">
      <class name="tests.AddBookToCartTest">
        <test-method status="PASS" signature="setUp()[pri:0, instance:tests.AddBookToCartTest@7f560810]" name="setUp" is-config="true" duration-ms="2355" started-at="2018-07-16T23:25:45Z" finished-at="2018-07-16T23:25:47Z">
          <reporter-output>
          </reporter-output>
        </test-method> <!-- setUp -->
        <test-method status="PASS" signature="verifyCheckout()[pri:0, instance:tests.AddBookToCartTest@7f560810]" name="verifyCheckout" duration-ms="925" started-at="2018-07-16T23:25:47Z" finished-at="2018-07-16T23:25:48Z">
          <reporter-output>
          </reporter-output>
        </test-method> <!-- verifyCheckout -->
        <test-method status="PASS" signature="tearDown()[pri:0, instance:tests.AddBookToCartTest@7f560810]" name="tearDown" is-config="true" duration-ms="102" started-at="2018-07-16T23:25:48Z" finished-at="2018-07-16T23:25:48Z">
          <reporter-output>
          </reporter-output>
        </test-method> <!-- tearDown -->
      </class> <!-- tests.AddBookToCartTest -->
    </test> <!-- Assignment suite -->
  </suite> <!-- Assignment -->
</testng-results>
